<?xml version="1.0" encoding="UTF-8"?>
<coverage generated="1539346602">
  <project timestamp="1539346602">
    <package name="BlackQuadrant\CapsuleCRM">
      <file name="/Users/Nik/dev/packages/wrappers/capsule-crm-api-wrapper-php/src/CapsuleCRM.php">
        <class name="BlackQuadrant\CapsuleCRM\CapsuleCRM" namespace="BlackQuadrant\CapsuleCRM">
          <metrics complexity="34" methods="10" coveredmethods="3" conditionals="0" coveredconditionals="0" statements="79" coveredstatements="25" elements="89" coveredelements="28"/>
        </class>
        <line num="11" type="method" name="__construct" visibility="public" complexity="3" crap="3.04" count="1"/>
        <line num="13" type="stmt" count="1"/>
        <line num="14" type="stmt" count="1"/>
        <line num="16" type="stmt" count="1"/>
        <line num="17" type="stmt" count="1"/>
        <line num="21" type="stmt" count="0"/>
        <line num="23" type="stmt" count="1"/>
        <line num="29" type="method" name="set_personal_access_token" visibility="public" complexity="1" crap="1" count="1"/>
        <line num="30" type="stmt" count="1"/>
        <line num="31" type="stmt" count="1"/>
        <line num="37" type="method" name="set_config" visibility="public" complexity="1" crap="1" count="1"/>
        <line num="38" type="stmt" count="1"/>
        <line num="39" type="stmt" count="1"/>
        <line num="45" type="method" name="connect" visibility="public" complexity="1" crap="2.00" count="0"/>
        <line num="46" type="stmt" count="0"/>
        <line num="47" type="stmt" count="0"/>
        <line num="50" type="method" name="show" visibility="public" complexity="1" crap="2.00" count="0"/>
        <line num="51" type="stmt" count="0"/>
        <line num="52" type="stmt" count="0"/>
        <line num="54" type="stmt" count="0"/>
        <line num="55" type="stmt" count="0"/>
        <line num="61" type="method" name="resource_splitter" visibility="public" complexity="7" crap="7" count="6"/>
        <line num="63" type="stmt" count="6"/>
        <line num="64" type="stmt" count="6"/>
        <line num="65" type="stmt" count="6"/>
        <line num="66" type="stmt" count="6"/>
        <line num="68" type="stmt" count="6"/>
        <line num="70" type="stmt" count="6"/>
        <line num="71" type="stmt" count="2"/>
        <line num="73" type="stmt" count="6"/>
        <line num="75" type="stmt" count="2"/>
        <line num="79" type="stmt" count="6"/>
        <line num="80" type="stmt" count="5"/>
        <line num="81" type="stmt" count="2"/>
        <line num="83" type="stmt" count="3"/>
        <line num="84" type="stmt" count="5"/>
        <line num="88" type="stmt" count="1"/>
        <line num="91" type="stmt" count="6"/>
        <line num="94" type="method" name="filter" visibility="public" complexity="6" crap="42.00" count="0"/>
        <line num="97" type="stmt" count="0"/>
        <line num="98" type="stmt" count="0"/>
        <line num="101" type="stmt" count="0"/>
        <line num="102" type="stmt" count="0"/>
        <line num="103" type="stmt" count="0"/>
        <line num="104" type="stmt" count="0"/>
        <line num="109" type="stmt" count="0"/>
        <line num="115" type="method" name="list" visibility="public" complexity="8" crap="72.00" count="0"/>
        <line num="117" type="stmt" count="0"/>
        <line num="118" type="stmt" count="0"/>
        <line num="120" type="stmt" count="0"/>
        <line num="121" type="stmt" count="0"/>
        <line num="122" type="stmt" count="0"/>
        <line num="126" type="stmt" count="0"/>
        <line num="127" type="stmt" count="0"/>
        <line num="128" type="stmt" count="0"/>
        <line num="131" type="stmt" count="0"/>
        <line num="134" type="stmt" count="0"/>
        <line num="135" type="stmt" count="0"/>
        <line num="136" type="stmt" count="0"/>
        <line num="139" type="stmt" count="0"/>
        <line num="140" type="stmt" count="0"/>
        <line num="141" type="stmt" count="0"/>
        <line num="145" type="stmt" count="0"/>
        <line num="146" type="stmt" count="0"/>
        <line num="149" type="stmt" count="0"/>
        <line num="151" type="stmt" count="0"/>
        <line num="159" type="method" name="call" visibility="private" complexity="4" crap="20.00" count="0"/>
        <line num="160" type="stmt" count="0"/>
        <line num="161" type="stmt" count="0"/>
        <line num="163" type="stmt" count="0"/>
        <line num="164" type="stmt" count="0"/>
        <line num="165" type="stmt" count="0"/>
        <line num="167" type="stmt" count="0"/>
        <line num="170" type="stmt" count="0"/>
        <line num="171" type="stmt" count="0"/>
        <line num="173" type="stmt" count="0"/>
        <line num="176" type="stmt" count="0"/>
        <line num="178" type="stmt" count="0"/>
        <line num="179" type="stmt" count="0"/>
        <line num="187" type="stmt" count="0"/>
        <line num="188" type="stmt" count="0"/>
        <line num="189" type="stmt" count="0"/>
        <line num="192" type="stmt" count="0"/>
        <line num="195" type="stmt" count="0"/>
        <line num="196" type="stmt" count="0"/>
        <line num="204" type="method" name="get_personal_access_token" visibility="public" complexity="2" crap="6.00" count="0"/>
        <line num="205" type="stmt" count="0"/>
        <line num="206" type="stmt" count="0"/>
        <line num="209" type="stmt" count="0"/>
        <metrics loc="213" ncloc="148" classes="1" methods="10" coveredmethods="3" conditionals="0" coveredconditionals="0" statements="79" coveredstatements="25" elements="89" coveredelements="28"/>
      </file>
    </package>
    <metrics files="1" loc="213" ncloc="148" classes="1" methods="10" coveredmethods="3" conditionals="0" coveredconditionals="0" statements="79" coveredstatements="25" elements="89" coveredelements="28"/>
  </project>
</coverage>
